<?xml version='1.0' encoding='UTF-8'?>
<testsuite hostname="LAPTOP-UH853BOL" name="QuantexaAssignment.analytics.TotalFlightsPerMonthSpec" tests="1" errors="0" failures="0" skipped="0" time="16.939" timestamp="2025-08-20T04:38:23">
          <properties>
      <property name="jline.esc.timeout" value="0"/><property name="java.runtime.name" value="Java(TM) SE Runtime Environment"/><property name="sun.boot.library.path" value="C:\Program Files\Java\jre1.8.0_461\bin"/><property name="java.vm.version" value="25.461-b11"/><property name="java.vm.vendor" value="Oracle Corporation"/><property name="java.vendor.url" value="https://java.oracle.com/"/><property name="path.separator" value=";"/><property name="jna.loaded" value="true"/><property name="java.vm.name" value="Java HotSpot(TM) 64-Bit Server VM"/><property name="file.encoding.pkg" value="sun.io"/><property name="user.country" value="US"/><property name="user.script" value=""/><property name="sun.java.launcher" value="SUN_STANDARD"/><property name="sun.os.patch.level" value=""/><property name="jna.nosys" value="true"/><property name="java.vm.specification.name" value="Java Virtual Machine Specification"/><property name="user.dir" value="D:\Practice\Quentexa"/><property name="java.runtime.version" value="1.8.0_461-b11"/><property name="java.awt.graphicsenv" value="sun.awt.Win32GraphicsEnvironment"/><property name="java.endorsed.dirs" value="C:\Program Files\Java\jre1.8.0_461\lib\endorsed"/><property name="os.arch" value="amd64"/><property name="java.io.tmpdir" value="C:\Users\ismai\AppData\Local\Temp\"/><property name="line.separator" value="
"/><property name="java.vm.specification.vendor" value="Oracle Corporation"/><property name="log4j.ignoreTCL" value="true"/><property name="user.variant" value=""/><property name="os.name" value="Windows 11"/><property name="sun.jnu.encoding" value="Cp1252"/><property name="jnidispatch.path" value="C:\Users\ismai\AppData\Local\Temp\jna-100503531\jna1551061511729426467.dll"/><property name="java.library.path" value="C:\Program Files\Java\jre1.8.0_461\bin;C:\WINDOWS\Sun\Java\bin;C:\WINDOWS\system32;C:\WINDOWS;C:\Program Files\Java\jre1.8.0_461\bin\bin;C:\Program Files (x86)\Common Files\Oracle\Java\java8path;C:\Program Files (x86)\Common Files\Oracle\Java\javapath;C:\Program Files\Microsoft\jdk-17.0.14.7-hotspot\bin;C:\Python39\Scripts\;C:\Python39\;C:\WINDOWS\system32;C:\WINDOWS;C:\WINDOWS\System32\Wbem;C:\WINDOWS\System32\WindowsPowerShell\v1.0\;C:\WINDOWS\System32\OpenSSH\;C:\ProgramData\chocolatey\bin;C:\Program Files\Git\cmd;C:\laragon\bin\php\php-7.2.19-Win32-VC15-x64;C:\ProgramData\ComposerSetup\bin;C:\Program Files\Microsoft SQL Server\Client SDK\ODBC\170\Tools\Binn\;C:\Program Files (x86)\Microsoft SQL Server\150\Tools\Binn\;C:\Program Files\Microsoft SQL Server\150\Tools\Binn\;C:\Program Files\Microsoft SQL Server\150\DTS\Binn\;C:\Program Files\Azure Data Studio\bin;C:\WINDOWS\system32;C:\WINDOWS;C:\WINDOWS\System32\Wbem;C:\WINDOWS\System32\WindowsPowerShell\v1.0\;C:\WINDOWS\System32\OpenSSH\;C:\Program Files\dotnet\;C:\Program Files (x86)\Windows Kits\10\Windows Performance Toolkit\;C:\Program Files (x86)\Microsoft SQL Server\160\DTS\Binn\;C:\Users\ismai\AppData\Local\nvm;C:\nvm4w\nodejs;C:\Program Files\Docker\Docker\resources\bin;C:\Program Files\NVIDIA Corporation\NVIDIA App\NvDLISR;C:\Program Files (x86)\NVIDIA Corporation\PhysX\Common;C:\Program Files (x86)\sbt\bin;C:\Program Files\Common Files\Oracle\Java\javapath;C:\Program Files (x86)\Microsoft SQL Server\150\DTS\Binn\;C:\Program Files\Microsoft SQL Server\130\Tools\Binn\;C:\ProgramData\DockerDesktop\version-bin;C:\Users\ismai\AppData\Local\Programs\Python\Launcher\;C:\Program Files\MySQL\MySQL Shell 8.0\bin\;C:\Users\ismai\AppData\Local\Microsoft\WindowsApps;C:\Users\ismai\AppData\Local\Programs\Microsoft VS Code\bin;C:\Users\ismai\AppData\Roaming\Composer\vendor\bin;C:\Users\ismai\AppData\Local\GitHubDesktop\bin;C:\Users\ismai\AppData\Local\Microsoft\WindowsApps;D:\Dev\flutter\bin;C:\Users\ismai\AppData\Local\Android\Sdk;C:\Users\ismai\AppData\Local\Android\Sdk\platform-tools;C:\Users\ismai\.dotnet\tools;C:\Users\ismai\AppData\Roaming\npm;C:\Windows\System32;C:\Users\ismai\AppData\Roaming\npm;C:\Users\ismai\AppData\Local\Programs\Ollama;C:\Users\ismai\AppData\Local\Microsoft\WinGet\Packages\ggml.llamacpp_Microsoft.Winget.Source_8wekyb3d8bbwe;."/><property name="java.specification.name" value="Java Platform API Specification"/><property name="java.class.version" value="52.0"/><property name="sbt.ipcsocket.tmpdir" value="C:\Users\ismai\AppData\Local\Temp\.sbt54743229\ipcsocket"/><property name="sun.management.compiler" value="HotSpot 64-Bit Tiered Compilers"/><property name="os.version" value="10.0"/><property name="swoval.tmpdir" value="C:\Users\ismai\AppData\Local\Temp\.sbt54743229\swoval"/><property name="user.home" value="C:\Users\ismai"/><property name="user.timezone" value="Asia/Muscat"/><property name="java.awt.printerjob" value="sun.awt.windows.WPrinterJob"/><property name="file.encoding" value="UTF-8"/><property name="java.specification.version" value="1.8"/><property name="java.class.path" value="C:\Program Files (x86)\sbt\\bin\sbt-launch.jar"/><property name="user.name" value="ismai"/><property name="jline.shutdownhook" value="false"/><property name="java.vm.specification.version" value="1.8"/><property name="sun.java.command" value="xsbt.boot.Boot test"/><property name="java.home" value="C:\Program Files\Java\jre1.8.0_461"/><property name="sun.arch.data.model" value="64"/><property name="user.language" value="en"/><property name="java.specification.vendor" value="Oracle Corporation"/><property name="awt.toolkit" value="sun.awt.windows.WToolkit"/><property name="java.vm.info" value="mixed mode"/><property name="java.version" value="1.8.0_461"/><property name="java.ext.dirs" value="C:\Program Files\Java\jre1.8.0_461\lib\ext;C:\WINDOWS\Sun\Java\lib\ext"/><property name="sun.boot.class.path" value="C:\Program Files\Java\jre1.8.0_461\lib\resources.jar;C:\Program Files\Java\jre1.8.0_461\lib\rt.jar;C:\Program Files\Java\jre1.8.0_461\lib\jsse.jar;C:\Program Files\Java\jre1.8.0_461\lib\jce.jar;C:\Program Files\Java\jre1.8.0_461\lib\charsets.jar;C:\Program Files\Java\jre1.8.0_461\lib\jfr.jar;C:\Program Files\Java\jre1.8.0_461\classes"/><property name="java.vendor" value="Oracle Corporation"/><property name="sun.stderr.encoding" value="cp437"/><property name="java.specification.maintenance.version" value="6"/><property name="file.separator" value="\"/><property name="java.vendor.url.bug" value="https://bugreport.sun.com/bugreport/"/><property name="sun.io.unicode.encoding" value="UnicodeLittle"/><property name="sun.cpu.endian" value="little"/><property name="sun.stdout.encoding" value="cp437"/><property name="sun.desktop" value="windows"/><property name="sun.cpu.isalist" value="amd64"/>
    </properties>
          <testcase classname="QuantexaAssignment.analytics.TotalFlightsPerMonthSpec" name="TotalFlightsPerMonth should count flights per month" time="16.939">
                      
                    </testcase>
          <system-out><![CDATA[]]></system-out>
          <system-err><![CDATA[]]></system-err>
        </testsuite>